<?xml version="1.0" encoding="UTF-8"?>
<!-- Generated by org.testng.reporters.JUnitReportReporter -->
<testsuite hostname="Madhuri" failures="0" tests="1" name="testcases.LoginTest" time="3.545" errors="0" timestamp="2025-01-24T14:18:39 CST" skipped="0">
  <testcase classname="testcases.LoginTest" name="validLoginTest" time="3.545"/>
</testsuite> <!-- testcases.LoginTest -->
